DEB [20200923-22:10:29.672] thr=1   paramiko.transport: starting thread (client mode): 0xab2ab048
DEB [20200923-22:10:29.676] thr=1   paramiko.transport: Local version/idstring: SSH-2.0-paramiko_2.7.2
DEB [20200923-22:10:29.752] thr=1   paramiko.transport: Remote version/idstring: SSH-2.0-OpenSSH_5.3
INF [20200923-22:10:29.753] thr=1   paramiko.transport: Connected (version 2.0, client OpenSSH_5.3)
DEB [20200923-22:10:29.837] thr=1   paramiko.transport: kex algos:['diffie-hellman-group-exchange-sha256', 'diffie-hellman-group-exchange-sha1', 'diffie-hellman-group14-sha1', 'diffie-hellman-group1-sha1'] server key:['ssh-rsa', 'ssh-dss'] client encrypt:['aes128-ctr', 'aes192-ctr', 'aes256-ctr', 'arcfour256', 'arcfour128', 'aes128-cbc', '3des-cbc', 'blowfish-cbc', 'cast128-cbc', 'aes192-cbc', 'aes256-cbc', 'arcfour', 'rijndael-cbc@lysator.liu.se'] server encrypt:['aes128-ctr', 'aes192-ctr', 'aes256-ctr', 'arcfour256', 'arcfour128', 'aes128-cbc', '3des-cbc', 'blowfish-cbc', 'cast128-cbc', 'aes192-cbc', 'aes256-cbc', 'arcfour', 'rijndael-cbc@lysator.liu.se'] client mac:['hmac-md5', 'hmac-sha1', 'umac-64@openssh.com', 'hmac-sha2-256', 'hmac-sha2-512', 'hmac-ripemd160', 'hmac-ripemd160@openssh.com', 'hmac-sha1-96', 'hmac-md5-96'] server mac:['hmac-md5', 'hmac-sha1', 'umac-64@openssh.com', 'hmac-sha2-256', 'hmac-sha2-512', 'hmac-ripemd160', 'hmac-ripemd160@openssh.com', 'hmac-sha1-96', 'hmac-md5-96'] client compress:['none', 'zlib@openssh.com'] server compress:['none', 'zlib@openssh.com'] client lang:[''] server lang:[''] kex follows?False
DEB [20200923-22:10:29.837] thr=1   paramiko.transport: Kex agreed: diffie-hellman-group-exchange-sha256
DEB [20200923-22:10:29.837] thr=1   paramiko.transport: HostKey agreed: ssh-rsa
DEB [20200923-22:10:29.838] thr=1   paramiko.transport: Cipher agreed: aes128-ctr
DEB [20200923-22:10:29.838] thr=1   paramiko.transport: MAC agreed: hmac-sha2-256
DEB [20200923-22:10:29.838] thr=1   paramiko.transport: Compression agreed: none
DEB [20200923-22:10:29.918] thr=1   paramiko.transport: Got server p (2048 bits)
DEB [20200923-22:10:30.054] thr=1   paramiko.transport: kex engine KexGexSHA256 specified hash_algo <built-in function openssl_sha256>
DEB [20200923-22:10:30.055] thr=1   paramiko.transport: Switch to new keys ...
DEB [20200923-22:10:30.056] thr=2   paramiko.transport: Attempting password auth...
DEB [20200923-22:10:30.187] thr=1   paramiko.transport: userauth is OK
INF [20200923-22:10:30.271] thr=1   paramiko.transport: Authentication (password) successful!
DEB [20200923-22:10:30.793] thr=1   paramiko.transport: EOF in transport thread
DEB [20200923-22:12:27.934] thr=1   paramiko.transport: starting thread (client mode): 0x45777248
DEB [20200923-22:12:27.936] thr=1   paramiko.transport: Local version/idstring: SSH-2.0-paramiko_2.7.2
DEB [20200923-22:12:27.988] thr=1   paramiko.transport: Remote version/idstring: SSH-2.0-OpenSSH_5.3
INF [20200923-22:12:27.988] thr=1   paramiko.transport: Connected (version 2.0, client OpenSSH_5.3)
DEB [20200923-22:12:28.042] thr=1   paramiko.transport: kex algos:['diffie-hellman-group-exchange-sha256', 'diffie-hellman-group-exchange-sha1', 'diffie-hellman-group14-sha1', 'diffie-hellman-group1-sha1'] server key:['ssh-rsa', 'ssh-dss'] client encrypt:['aes128-ctr', 'aes192-ctr', 'aes256-ctr', 'arcfour256', 'arcfour128', 'aes128-cbc', '3des-cbc', 'blowfish-cbc', 'cast128-cbc', 'aes192-cbc', 'aes256-cbc', 'arcfour', 'rijndael-cbc@lysator.liu.se'] server encrypt:['aes128-ctr', 'aes192-ctr', 'aes256-ctr', 'arcfour256', 'arcfour128', 'aes128-cbc', '3des-cbc', 'blowfish-cbc', 'cast128-cbc', 'aes192-cbc', 'aes256-cbc', 'arcfour', 'rijndael-cbc@lysator.liu.se'] client mac:['hmac-md5', 'hmac-sha1', 'umac-64@openssh.com', 'hmac-sha2-256', 'hmac-sha2-512', 'hmac-ripemd160', 'hmac-ripemd160@openssh.com', 'hmac-sha1-96', 'hmac-md5-96'] server mac:['hmac-md5', 'hmac-sha1', 'umac-64@openssh.com', 'hmac-sha2-256', 'hmac-sha2-512', 'hmac-ripemd160', 'hmac-ripemd160@openssh.com', 'hmac-sha1-96', 'hmac-md5-96'] client compress:['none', 'zlib@openssh.com'] server compress:['none', 'zlib@openssh.com'] client lang:[''] server lang:[''] kex follows?False
DEB [20200923-22:12:28.043] thr=1   paramiko.transport: Kex agreed: diffie-hellman-group-exchange-sha256
DEB [20200923-22:12:28.043] thr=1   paramiko.transport: HostKey agreed: ssh-rsa
DEB [20200923-22:12:28.044] thr=1   paramiko.transport: Cipher agreed: aes128-ctr
DEB [20200923-22:12:28.044] thr=1   paramiko.transport: MAC agreed: hmac-sha2-256
DEB [20200923-22:12:28.045] thr=1   paramiko.transport: Compression agreed: none
DEB [20200923-22:12:28.093] thr=1   paramiko.transport: Got server p (2048 bits)
DEB [20200923-22:12:28.204] thr=1   paramiko.transport: kex engine KexGexSHA256 specified hash_algo <built-in function openssl_sha256>
DEB [20200923-22:12:28.205] thr=1   paramiko.transport: Switch to new keys ...
DEB [20200923-22:12:28.205] thr=2   paramiko.transport: Attempting password auth...
DEB [20200923-22:12:28.339] thr=1   paramiko.transport: userauth is OK
INF [20200923-22:12:28.425] thr=1   paramiko.transport: Authentication (password) successful!
DEB [20200923-22:14:06.623] thr=1   paramiko.transport: EOF in transport thread
